Removed Member From Class: ClassName=main Member=P1
Removed Member From Class: ClassName=main Member=P3
Removed Member From Class: ClassName=main Member=P4
Removed Member From Class: ClassName=main Member=P5
Added Component: Designator=D1_1(HDR1X3)
Add component (AddParameter): Name = "LatestRevisionDate"; Value = "17-Jul-2002"; VariantName = "[No Variations]"
Add component (AddParameter): Name = "LatestRevisionNote"; Value = "Re-released for DXP Platform."; VariantName = "[No Variations]"
Add component (AddParameter): Name = "Publisher"; Value = "Altium Limited"; VariantName = "[No Variations]"
Added Component: Designator=D1_2(HDR1X7)
Add component (AddParameter): Name = "LatestRevisionDate"; Value = "17-Jul-2002"; VariantName = "[No Variations]"
Add component (AddParameter): Name = "LatestRevisionNote"; Value = "Re-released for DXP Platform."; VariantName = "[No Variations]"
Add component (AddParameter): Name = "Publisher"; Value = "Altium Limited"; VariantName = "[No Variations]"
Added Component: Designator=D2_1(HDR1X3)
Add component (AddParameter): Name = "LatestRevisionDate"; Value = "17-Jul-2002"; VariantName = "[No Variations]"
Add component (AddParameter): Name = "LatestRevisionNote"; Value = "Re-released for DXP Platform."; VariantName = "[No Variations]"
Add component (AddParameter): Name = "Publisher"; Value = "Altium Limited"; VariantName = "[No Variations]"
Added Component: Designator=D2_2(HDR1X7)
Add component (AddParameter): Name = "LatestRevisionDate"; Value = "17-Jul-2002"; VariantName = "[No Variations]"
Add component (AddParameter): Name = "LatestRevisionNote"; Value = "Re-released for DXP Platform."; VariantName = "[No Variations]"
Add component (AddParameter): Name = "Publisher"; Value = "Altium Limited"; VariantName = "[No Variations]"
Added Component: Designator=D3_1(HDR1X3)
Add component (AddParameter): Name = "LatestRevisionDate"; Value = "17-Jul-2002"; VariantName = "[No Variations]"
Add component (AddParameter): Name = "LatestRevisionNote"; Value = "Re-released for DXP Platform."; VariantName = "[No Variations]"
Add component (AddParameter): Name = "Publisher"; Value = "Altium Limited"; VariantName = "[No Variations]"
Added Component: Designator=D3_2(HDR1X7)
Add component (AddParameter): Name = "LatestRevisionDate"; Value = "17-Jul-2002"; VariantName = "[No Variations]"
Add component (AddParameter): Name = "LatestRevisionNote"; Value = "Re-released for DXP Platform."; VariantName = "[No Variations]"
Add component (AddParameter): Name = "Publisher"; Value = "Altium Limited"; VariantName = "[No Variations]"
Added Component: Designator=D4_1(HDR1X3)
Add component (AddParameter): Name = "LatestRevisionDate"; Value = "17-Jul-2002"; VariantName = "[No Variations]"
Add component (AddParameter): Name = "LatestRevisionNote"; Value = "Re-released for DXP Platform."; VariantName = "[No Variations]"
Add component (AddParameter): Name = "Publisher"; Value = "Altium Limited"; VariantName = "[No Variations]"
Added Component: Designator=D4_2(HDR1X7)
Add component (AddParameter): Name = "LatestRevisionDate"; Value = "17-Jul-2002"; VariantName = "[No Variations]"
Add component (AddParameter): Name = "LatestRevisionNote"; Value = "Re-released for DXP Platform."; VariantName = "[No Variations]"
Add component (AddParameter): Name = "Publisher"; Value = "Altium Limited"; VariantName = "[No Variations]"
Added Component: Designator=D5_1(HDR1X3)
Add component (AddParameter): Name = "LatestRevisionDate"; Value = "17-Jul-2002"; VariantName = "[No Variations]"
Add component (AddParameter): Name = "LatestRevisionNote"; Value = "Re-released for DXP Platform."; VariantName = "[No Variations]"
Add component (AddParameter): Name = "Publisher"; Value = "Altium Limited"; VariantName = "[No Variations]"
Added Component: Designator=D5_2(HDR1X7)
Add component (AddParameter): Name = "LatestRevisionDate"; Value = "17-Jul-2002"; VariantName = "[No Variations]"
Add component (AddParameter): Name = "LatestRevisionNote"; Value = "Re-released for DXP Platform."; VariantName = "[No Variations]"
Add component (AddParameter): Name = "Publisher"; Value = "Altium Limited"; VariantName = "[No Variations]"
Added Component: Designator=D6_1(HDR1X3)
Add component (AddParameter): Name = "LatestRevisionDate"; Value = "17-Jul-2002"; VariantName = "[No Variations]"
Add component (AddParameter): Name = "LatestRevisionNote"; Value = "Re-released for DXP Platform."; VariantName = "[No Variations]"
Add component (AddParameter): Name = "Publisher"; Value = "Altium Limited"; VariantName = "[No Variations]"
Added Component: Designator=D6_2(HDR1X7)
Add component (AddParameter): Name = "LatestRevisionDate"; Value = "17-Jul-2002"; VariantName = "[No Variations]"
Add component (AddParameter): Name = "LatestRevisionNote"; Value = "Re-released for DXP Platform."; VariantName = "[No Variations]"
Add component (AddParameter): Name = "Publisher"; Value = "Altium Limited"; VariantName = "[No Variations]"
Added Pin To Net: NetName=NetD1_1_1 Pin=D1_1-1
Added Pin To Net: NetName=NetD1_1_1 Pin=U1-1
Added Net: Name=NetD1_1_1
Added Pin To Net: NetName=NetD1_1_2 Pin=D1_1-2
Added Pin To Net: NetName=NetD1_1_2 Pin=U1-2
Added Net: Name=NetD1_1_2
Added Pin To Net: NetName=NetD1_1_3 Pin=D1_1-3
Added Pin To Net: NetName=NetD1_1_3 Pin=U1-8
Added Net: Name=NetD1_1_3
Added Pin To Net: NetName=NetD1_2_1 Pin=D1_2-1
Added Pin To Net: NetName=NetD1_2_1 Pin=U1-16
Added Net: Name=NetD1_2_1
Added Pin To Net: NetName=NetD1_2_2 Pin=D1_2-2
Added Pin To Net: NetName=NetD1_2_2 Pin=U1-15
Added Net: Name=NetD1_2_2
Added Pin To Net: NetName=NetD1_2_3 Pin=D1_2-3
Added Pin To Net: NetName=NetD1_2_3 Pin=U1-14
Added Net: Name=NetD1_2_3
Added Pin To Net: NetName=NetD1_2_4 Pin=D1_2-4
Added Pin To Net: NetName=NetD1_2_4 Pin=U1-13
Added Net: Name=NetD1_2_4
Added Pin To Net: NetName=NetD1_2_5 Pin=D1_2-5
Added Pin To Net: NetName=NetD1_2_5 Pin=U1-11
Added Net: Name=NetD1_2_5
Added Pin To Net: NetName=NetD1_2_6 Pin=D1_2-6
Added Pin To Net: NetName=NetD1_2_6 Pin=U1-10
Added Net: Name=NetD1_2_6
Added Pin To Net: NetName=NetD1_2_7 Pin=D1_2-7
Added Pin To Net: NetName=NetD1_2_7 Pin=U1-9
Added Net: Name=NetD1_2_7
Added Pin To Net: NetName=NetD2_1_1 Pin=D2_1-1
Added Pin To Net: NetName=NetD2_1_1 Pin=U2-1
Added Net: Name=NetD2_1_1
Added Pin To Net: NetName=NetD2_1_2 Pin=D2_1-2
Added Pin To Net: NetName=NetD2_1_2 Pin=U2-2
Added Net: Name=NetD2_1_2
Added Pin To Net: NetName=NetD2_1_3 Pin=D2_1-3
Added Pin To Net: NetName=NetD2_1_3 Pin=U2-8
Added Net: Name=NetD2_1_3
Added Pin To Net: NetName=NetD2_2_1 Pin=D2_2-1
Added Pin To Net: NetName=NetD2_2_1 Pin=U2-16
Added Net: Name=NetD2_2_1
Added Pin To Net: NetName=NetD2_2_2 Pin=D2_2-2
Added Pin To Net: NetName=NetD2_2_2 Pin=U2-15
Added Net: Name=NetD2_2_2
Added Pin To Net: NetName=NetD2_2_3 Pin=D2_2-3
Added Pin To Net: NetName=NetD2_2_3 Pin=U2-14
Added Net: Name=NetD2_2_3
Added Pin To Net: NetName=NetD2_2_4 Pin=D2_2-4
Added Pin To Net: NetName=NetD2_2_4 Pin=U2-13
Added Net: Name=NetD2_2_4
Added Pin To Net: NetName=NetD2_2_5 Pin=D2_2-5
Added Pin To Net: NetName=NetD2_2_5 Pin=U2-11
Added Net: Name=NetD2_2_5
Added Pin To Net: NetName=NetD2_2_6 Pin=D2_2-6
Added Pin To Net: NetName=NetD2_2_6 Pin=U2-10
Added Net: Name=NetD2_2_6
Added Pin To Net: NetName=NetD2_2_7 Pin=D2_2-7
Added Pin To Net: NetName=NetD2_2_7 Pin=U2-9
Added Net: Name=NetD2_2_7
Added Pin To Net: NetName=NetD3_1_1 Pin=D3_1-1
Added Pin To Net: NetName=NetD3_1_1 Pin=U3-1
Added Net: Name=NetD3_1_1
Added Pin To Net: NetName=NetD3_1_2 Pin=D3_1-2
Added Pin To Net: NetName=NetD3_1_2 Pin=U3-2
Added Net: Name=NetD3_1_2
Added Pin To Net: NetName=NetD3_1_3 Pin=D3_1-3
Added Pin To Net: NetName=NetD3_1_3 Pin=U3-8
Added Net: Name=NetD3_1_3
Added Pin To Net: NetName=NetD3_2_1 Pin=D3_2-1
Added Pin To Net: NetName=NetD3_2_1 Pin=U3-16
Added Net: Name=NetD3_2_1
Added Pin To Net: NetName=NetD3_2_2 Pin=D3_2-2
Added Pin To Net: NetName=NetD3_2_2 Pin=U3-15
Added Net: Name=NetD3_2_2
Added Pin To Net: NetName=NetD3_2_3 Pin=D3_2-3
Added Pin To Net: NetName=NetD3_2_3 Pin=U3-14
Added Net: Name=NetD3_2_3
Added Pin To Net: NetName=NetD3_2_4 Pin=D3_2-4
Added Pin To Net: NetName=NetD3_2_4 Pin=U3-13
Added Net: Name=NetD3_2_4
Added Pin To Net: NetName=NetD3_2_5 Pin=D3_2-5
Added Pin To Net: NetName=NetD3_2_5 Pin=U3-11
Added Net: Name=NetD3_2_5
Added Pin To Net: NetName=NetD3_2_6 Pin=D3_2-6
Added Pin To Net: NetName=NetD3_2_6 Pin=U3-10
Added Net: Name=NetD3_2_6
Added Pin To Net: NetName=NetD3_2_7 Pin=D3_2-7
Added Pin To Net: NetName=NetD3_2_7 Pin=U3-9
Added Net: Name=NetD3_2_7
Added Pin To Net: NetName=NetD4_1_1 Pin=D4_1-1
Added Pin To Net: NetName=NetD4_1_1 Pin=U4-1
Added Net: Name=NetD4_1_1
Added Pin To Net: NetName=NetD4_1_2 Pin=D4_1-2
Added Pin To Net: NetName=NetD4_1_2 Pin=U4-2
Added Net: Name=NetD4_1_2
Added Pin To Net: NetName=NetD4_1_3 Pin=D4_1-3
Added Pin To Net: NetName=NetD4_1_3 Pin=U4-8
Added Net: Name=NetD4_1_3
Added Pin To Net: NetName=NetD4_2_1 Pin=D4_2-1
Added Pin To Net: NetName=NetD4_2_1 Pin=U4-16
Added Net: Name=NetD4_2_1
Added Pin To Net: NetName=NetD4_2_2 Pin=D4_2-2
Added Pin To Net: NetName=NetD4_2_2 Pin=U4-15
Added Net: Name=NetD4_2_2
Added Pin To Net: NetName=NetD4_2_3 Pin=D4_2-3
Added Pin To Net: NetName=NetD4_2_3 Pin=U4-14
Added Net: Name=NetD4_2_3
Added Pin To Net: NetName=NetD4_2_4 Pin=D4_2-4
Added Pin To Net: NetName=NetD4_2_4 Pin=U4-13
Added Net: Name=NetD4_2_4
Added Pin To Net: NetName=NetD4_2_5 Pin=D4_2-5
Added Pin To Net: NetName=NetD4_2_5 Pin=U4-11
Added Net: Name=NetD4_2_5
Added Pin To Net: NetName=NetD4_2_6 Pin=D4_2-6
Added Pin To Net: NetName=NetD4_2_6 Pin=U4-10
Added Net: Name=NetD4_2_6
Added Pin To Net: NetName=NetD4_2_7 Pin=D4_2-7
Added Pin To Net: NetName=NetD4_2_7 Pin=U4-9
Added Net: Name=NetD4_2_7
Added Pin To Net: NetName=NetD5_1_1 Pin=D5_1-1
Added Pin To Net: NetName=NetD5_1_1 Pin=U5-1
Added Net: Name=NetD5_1_1
Added Pin To Net: NetName=NetD5_1_2 Pin=D5_1-2
Added Pin To Net: NetName=NetD5_1_2 Pin=U5-2
Added Net: Name=NetD5_1_2
Added Pin To Net: NetName=NetD5_1_3 Pin=D5_1-3
Added Pin To Net: NetName=NetD5_1_3 Pin=U5-8
Added Net: Name=NetD5_1_3
Added Pin To Net: NetName=NetD5_2_1 Pin=D5_2-1
Added Pin To Net: NetName=NetD5_2_1 Pin=U5-16
Added Net: Name=NetD5_2_1
Added Pin To Net: NetName=NetD5_2_2 Pin=D5_2-2
Added Pin To Net: NetName=NetD5_2_2 Pin=U5-15
Added Net: Name=NetD5_2_2
Added Pin To Net: NetName=NetD5_2_3 Pin=D5_2-3
Added Pin To Net: NetName=NetD5_2_3 Pin=U5-14
Added Net: Name=NetD5_2_3
Added Pin To Net: NetName=NetD5_2_4 Pin=D5_2-4
Added Pin To Net: NetName=NetD5_2_4 Pin=U5-13
Added Net: Name=NetD5_2_4
Added Pin To Net: NetName=NetD5_2_5 Pin=D5_2-5
Added Pin To Net: NetName=NetD5_2_5 Pin=U5-11
Added Net: Name=NetD5_2_5
Added Pin To Net: NetName=NetD5_2_6 Pin=D5_2-6
Added Pin To Net: NetName=NetD5_2_6 Pin=U5-10
Added Net: Name=NetD5_2_6
Added Pin To Net: NetName=NetD5_2_7 Pin=D5_2-7
Added Pin To Net: NetName=NetD5_2_7 Pin=U5-9
Added Net: Name=NetD5_2_7
Added Pin To Net: NetName=NetD6_1_1 Pin=D6_1-1
Added Pin To Net: NetName=NetD6_1_1 Pin=U6-1
Added Net: Name=NetD6_1_1
Added Pin To Net: NetName=NetD6_1_2 Pin=D6_1-2
Added Pin To Net: NetName=NetD6_1_2 Pin=U6-2
Added Net: Name=NetD6_1_2
Added Pin To Net: NetName=NetD6_1_3 Pin=D6_1-3
Added Pin To Net: NetName=NetD6_1_3 Pin=U6-8
Added Net: Name=NetD6_1_3
Added Pin To Net: NetName=NetD6_2_1 Pin=D6_2-1
Added Pin To Net: NetName=NetD6_2_1 Pin=U6-16
Added Net: Name=NetD6_2_1
Added Pin To Net: NetName=NetD6_2_2 Pin=D6_2-2
Added Pin To Net: NetName=NetD6_2_2 Pin=U6-15
Added Net: Name=NetD6_2_2
Added Pin To Net: NetName=NetD6_2_3 Pin=D6_2-3
Added Pin To Net: NetName=NetD6_2_3 Pin=U6-14
Added Net: Name=NetD6_2_3
Added Pin To Net: NetName=NetD6_2_4 Pin=D6_2-4
Added Pin To Net: NetName=NetD6_2_4 Pin=U6-13
Added Net: Name=NetD6_2_4
Added Pin To Net: NetName=NetD6_2_5 Pin=D6_2-5
Added Pin To Net: NetName=NetD6_2_5 Pin=U6-11
Added Net: Name=NetD6_2_5
Added Pin To Net: NetName=NetD6_2_6 Pin=D6_2-6
Added Pin To Net: NetName=NetD6_2_6 Pin=U6-10
Added Net: Name=NetD6_2_6
Added Pin To Net: NetName=NetD6_2_7 Pin=D6_2-7
Added Pin To Net: NetName=NetD6_2_7 Pin=U6-9
Added Net: Name=NetD6_2_7
Added Member To Class: ClassName=main Member=Component D1_1 Header 3
Added Member To Class: ClassName=main Member=Component D1_2 Header 7
Added Member To Class: ClassName=main Member=Component D2_1 Header 3
Added Member To Class: ClassName=main Member=Component D2_2 Header 7
Added Member To Class: ClassName=main Member=Component D3_1 Header 3
Added Member To Class: ClassName=main Member=Component D3_2 Header 7
Added Member To Class: ClassName=main Member=Component D4_1 Header 3
Added Member To Class: ClassName=main Member=Component D4_2 Header 7
Added Member To Class: ClassName=main Member=Component D5_1 Header 3
Added Member To Class: ClassName=main Member=Component D5_2 Header 7
Added Member To Class: ClassName=main Member=Component D6_1 Header 3
Added Member To Class: ClassName=main Member=Component D6_2 Header 7
