Change Component Designator: Old Designator=C2 New Designator=C1
Change Component Designator: Old Designator=C4 New Designator=C2
Change Component Designator: Old Designator=D1_1 New Designator=D5
Change Component Designator: Old Designator=D1_2 New Designator=D11
Change Component Designator: Old Designator=D2_1 New Designator=D6
Change Component Designator: Old Designator=D2_2 New Designator=D12
Change Component Designator: Old Designator=D3_1 New Designator=D7
Change Component Designator: Old Designator=D3_2 New Designator=D13
Change Component Designator: Old Designator=D4_1 New Designator=D8
Change Component Designator: Old Designator=D4_2 New Designator=D14
Change Component Designator: Old Designator=D5_1 New Designator=D9
Change Component Designator: Old Designator=D5_2 New Designator=D15
Change Component Designator: Old Designator=D6_1 New Designator=D10
Change Component Designator: Old Designator=D6_2 New Designator=D16
Change Component Designator: Old Designator=D? New Designator=D1
Change Component Designator: Old Designator=D? New Designator=D2
Change Component Designator: Old Designator=D? New Designator=D3
Change Component Designator: Old Designator=D? New Designator=D4
Change Component Designator: Old Designator=MCU New Designator=MCU1
Change Component Designator: Old Designator=MCU New Designator=MCU1
Change Component Designator: Old Designator=NixiePWR New Designator=NixiePWR1
Change Component Designator: Old Designator=POWER New Designator=POWER1
Change Component Designator: Old Designator=R4 New Designator=R10
Change Component Designator: Old Designator=R? New Designator=R4
Change Component Designator: Old Designator=R? New Designator=R5
Change Component Designator: Old Designator=R? New Designator=R6
Change Component Designator: Old Designator=R? New Designator=R7
Change Component Designator: Old Designator=R? New Designator=R8
Change Component Designator: Old Designator=R? New Designator=R9
Change Component Designator: Old Designator=R? New Designator=R11
Change Component Designator: Old Designator=R? New Designator=R12
Change Component Designator: Old Designator=R? New Designator=R13
Change Component Designator: Old Designator=R? New Designator=R14
Change Component Designator: Old Designator=R? New Designator=R15
Change Component Designator: Old Designator=R? New Designator=R16
Change Component Designator: Old Designator=R? New Designator=R17
Change Component Designator: Old Designator=uCPWR New Designator=uCPWR1
